mode: set
github.com/shyang107/paw/web.go:23.62,25.9 2 0
github.com/shyang107/paw/web.go:28.2,38.16 4 0
github.com/shyang107/paw/web.go:42.2,45.18 4 0
github.com/shyang107/paw/web.go:25.9,27.3 1 0
github.com/shyang107/paw/web.go:38.16,41.3 1 0
github.com/shyang107/paw/web.go:49.47,52.2 2 0
github.com/shyang107/paw/web.go:55.45,58.2 2 0
github.com/shyang107/paw/helpers.go:9.27,11.2 1 0
github.com/shyang107/paw/helpers.go:14.35,16.21 2 0
github.com/shyang107/paw/helpers.go:16.21,21.3 4 0
github.com/shyang107/paw/helpers.go:25.29,26.30 1 1
github.com/shyang107/paw/helpers.go:26.30,28.35 2 1
github.com/shyang107/paw/helpers.go:33.3,33.40 1 1
github.com/shyang107/paw/helpers.go:28.35,29.26 1 1
github.com/shyang107/paw/helpers.go:29.26,31.5 1 1
github.com/shyang107/paw/helpers.go:42.56,43.30 1 1
github.com/shyang107/paw/helpers.go:43.30,45.35 2 1
github.com/shyang107/paw/helpers.go:50.3,50.40 1 1
github.com/shyang107/paw/helpers.go:45.35,46.28 1 1
github.com/shyang107/paw/helpers.go:46.28,48.5 1 1
github.com/shyang107/paw/helpers.go:55.29,57.17 2 1
github.com/shyang107/paw/helpers.go:57.17,59.31 2 1
github.com/shyang107/paw/helpers.go:63.3,63.6 1 1
github.com/shyang107/paw/helpers.go:59.31,62.4 2 1
github.com/shyang107/paw/helpers.go:72.56,74.17 2 1
github.com/shyang107/paw/helpers.go:74.17,76.33 2 1
github.com/shyang107/paw/helpers.go:80.3,80.6 1 1
github.com/shyang107/paw/helpers.go:76.33,79.4 2 1
github.com/shyang107/paw/io.go:13.42,17.6 4 0
github.com/shyang107/paw/io.go:17.6,20.10 3 0
github.com/shyang107/paw/io.go:21.22,22.21 1 0
github.com/shyang107/paw/io.go:23.19,24.21 1 0
github.com/shyang107/paw/io.go:33.43,34.50 1 0
github.com/shyang107/paw/io.go:46.2,47.16 2 0
github.com/shyang107/paw/io.go:50.2,51.21 2 0
github.com/shyang107/paw/io.go:34.50,36.17 2 0
github.com/shyang107/paw/io.go:39.3,41.17 3 0
github.com/shyang107/paw/io.go:44.3,44.22 1 0
github.com/shyang107/paw/io.go:36.17,38.4 1 0
github.com/shyang107/paw/io.go:41.17,43.4 1 0
github.com/shyang107/paw/io.go:47.16,49.3 1 0
github.com/shyang107/paw/io.go:60.71,62.6 2 0
github.com/shyang107/paw/io.go:85.2,85.12 1 0
github.com/shyang107/paw/io.go:62.6,63.11 1 0
github.com/shyang107/paw/io.go:66.3,67.20 2 0
github.com/shyang107/paw/io.go:72.3,73.17 2 0
github.com/shyang107/paw/io.go:81.3,81.39 1 0
github.com/shyang107/paw/io.go:63.11,64.9 1 0
github.com/shyang107/paw/io.go:67.20,69.4 1 0
github.com/shyang107/paw/io.go:69.9,69.24 1 0
github.com/shyang107/paw/io.go:69.24,71.4 1 0
github.com/shyang107/paw/io.go:73.17,74.13 1 0
github.com/shyang107/paw/io.go:79.4,79.12 1 0
github.com/shyang107/paw/io.go:74.13,75.41 1 0
github.com/shyang107/paw/io.go:75.41,77.6 1 0
github.com/shyang107/paw/io.go:81.39,83.4 1 0
github.com/shyang107/paw/io.go:89.52,92.27 3 0
github.com/shyang107/paw/io.go:97.2,97.16 1 0
github.com/shyang107/paw/io.go:100.2,101.46 2 0
github.com/shyang107/paw/io.go:104.2,104.12 1 0
github.com/shyang107/paw/io.go:92.27,94.3 1 0
github.com/shyang107/paw/io.go:94.8,96.3 1 0
github.com/shyang107/paw/io.go:97.16,99.3 1 0
github.com/shyang107/paw/io.go:101.46,103.3 1 0
github.com/shyang107/paw/path.go:11.40,13.24 2 0
github.com/shyang107/paw/path.go:16.2,16.20 1 0
github.com/shyang107/paw/path.go:13.24,15.3 1 0
github.com/shyang107/paw/path.go:20.35,22.24 2 0
github.com/shyang107/paw/path.go:25.2,25.19 1 0
github.com/shyang107/paw/path.go:22.24,24.3 1 0
github.com/shyang107/paw/path.go:29.37,30.49 1 0
github.com/shyang107/paw/path.go:35.2,35.13 1 0
github.com/shyang107/paw/path.go:30.49,33.3 1 0
github.com/shyang107/paw/path.go:39.27,47.8 3 0
github.com/shyang107/paw/path.go:50.2,50.15 1 0
github.com/shyang107/paw/path.go:47.8,49.3 1 0
github.com/shyang107/paw/path.go:54.33,56.24 1 0
github.com/shyang107/paw/path.go:59.2,60.16 2 0
github.com/shyang107/paw/path.go:64.2,64.25 1 0
github.com/shyang107/paw/path.go:67.2,67.12 1 0
github.com/shyang107/paw/path.go:56.24,58.3 1 0
github.com/shyang107/paw/path.go:60.16,62.3 1 0
github.com/shyang107/paw/path.go:64.25,66.3 1 0
github.com/shyang107/paw/paw.go:33.56,37.4 3 0
github.com/shyang107/paw/paw.go:41.14,46.2 0 1
github.com/shyang107/paw/paw.go:49.44,52.2 2 0
github.com/shyang107/paw/table.go:43.36,55.2 1 0
github.com/shyang107/paw/table.go:65.52,67.24 2 0
github.com/shyang107/paw/table.go:70.2,70.24 1 0
github.com/shyang107/paw/table.go:67.24,69.3 1 0
github.com/shyang107/paw/table.go:74.51,76.24 2 0
github.com/shyang107/paw/table.go:79.2,79.23 1 0
github.com/shyang107/paw/table.go:76.24,78.3 1 0
github.com/shyang107/paw/table.go:83.44,87.2 3 0
github.com/shyang107/paw/table.go:89.31,93.2 3 0
github.com/shyang107/paw/table.go:95.36,98.9 3 0
github.com/shyang107/paw/table.go:99.14,101.38 2 0
github.com/shyang107/paw/table.go:104.15,105.27 1 0
github.com/shyang107/paw/table.go:106.25,109.28 3 0
github.com/shyang107/paw/table.go:112.3,112.17 1 0
github.com/shyang107/paw/table.go:101.38,103.4 1 0
github.com/shyang107/paw/table.go:109.28,111.4 1 0
github.com/shyang107/paw/table.go:116.41,117.25 1 0
github.com/shyang107/paw/table.go:120.2,120.28 1 0
github.com/shyang107/paw/table.go:123.2,123.28 1 0
github.com/shyang107/paw/table.go:126.2,126.21 1 0
github.com/shyang107/paw/table.go:117.25,119.3 1 0
github.com/shyang107/paw/table.go:120.28,122.3 1 0
github.com/shyang107/paw/table.go:123.28,125.3 1 0
github.com/shyang107/paw/table.go:126.21,128.3 1 0
github.com/shyang107/paw/table.go:131.35,136.29 5 0
github.com/shyang107/paw/table.go:140.2,144.29 5 0
github.com/shyang107/paw/table.go:148.2,151.24 4 0
github.com/shyang107/paw/table.go:136.29,139.3 2 0
github.com/shyang107/paw/table.go:144.29,147.3 2 0
github.com/shyang107/paw/table.go:151.24,155.3 3 0
github.com/shyang107/paw/table.go:158.37,161.9 3 0
github.com/shyang107/paw/table.go:170.2,170.26 1 0
github.com/shyang107/paw/table.go:162.16,163.29 1 0
github.com/shyang107/paw/table.go:167.16,168.33 1 0
github.com/shyang107/paw/table.go:163.29,166.4 2 0
github.com/shyang107/paw/table.go:170.26,171.40 1 0
github.com/shyang107/paw/table.go:171.40,173.4 1 0
github.com/shyang107/paw/table.go:177.101,180.26 3 0
github.com/shyang107/paw/table.go:200.2,201.19 2 0
github.com/shyang107/paw/table.go:204.2,204.22 1 0
github.com/shyang107/paw/table.go:180.26,187.13 7 0
github.com/shyang107/paw/table.go:198.3,198.26 1 0
github.com/shyang107/paw/table.go:188.18,189.43 1 0
github.com/shyang107/paw/table.go:190.19,191.43 1 0
github.com/shyang107/paw/table.go:192.20,196.65 4 0
github.com/shyang107/paw/table.go:201.19,203.3 1 0
github.com/shyang107/paw/table.go:208.41,209.16 1 0
github.com/shyang107/paw/table.go:212.2,212.21 1 0
github.com/shyang107/paw/table.go:215.2,218.12 4 0
github.com/shyang107/paw/table.go:209.16,211.3 1 0
github.com/shyang107/paw/table.go:212.21,214.3 1 0
github.com/shyang107/paw/table.go:222.47,224.2 1 0
github.com/shyang107/paw/table.go:227.34,228.18 1 0
github.com/shyang107/paw/table.go:232.2,233.20 2 0
github.com/shyang107/paw/table.go:228.18,231.3 2 0
github.com/shyang107/paw/table.go:233.20,235.3 1 0
github.com/shyang107/paw/textHelpers.go:51.50,54.2 2 0
github.com/shyang107/paw/textHelpers.go:57.40,59.2 1 0
github.com/shyang107/paw/textHelpers.go:62.54,65.2 2 0
github.com/shyang107/paw/textHelpers.go:68.41,70.2 1 0
github.com/shyang107/paw/textHelpers.go:76.79,79.2 2 0
github.com/shyang107/paw/textHelpers.go:85.66,87.2 1 0
github.com/shyang107/paw/textHelpers.go:94.46,96.2 1 0
github.com/shyang107/paw/textHelpers.go:105.49,109.2 3 0
github.com/shyang107/paw/textHelpers.go:113.44,116.2 2 0
github.com/shyang107/paw/textHelpers.go:119.54,121.2 1 0
github.com/shyang107/paw/textHelpers.go:124.54,126.2 1 0
github.com/shyang107/paw/textHelpers.go:129.53,131.2 1 0
github.com/shyang107/paw/textHelpers.go:135.54,138.2 2 0
github.com/shyang107/paw/textHelpers.go:142.62,145.2 2 0
github.com/shyang107/paw/textHelpers.go:149.58,152.2 2 0
github.com/shyang107/paw/textHelpers.go:156.66,159.2 2 0
github.com/shyang107/paw/textHelpers.go:163.63,166.2 2 0
github.com/shyang107/paw/textHelpers.go:170.62,173.2 2 0
github.com/shyang107/paw/textHelpers.go:177.77,180.2 2 0
github.com/shyang107/paw/textHelpers.go:184.46,187.2 2 0
github.com/shyang107/paw/textHelpers.go:191.60,194.2 2 0
github.com/shyang107/paw/textHelpers.go:198.44,201.2 2 0
github.com/shyang107/paw/textHelpers.go:205.44,208.2 2 0
github.com/shyang107/paw/textHelpers.go:212.44,215.2 2 0
github.com/shyang107/paw/textHelpers.go:219.42,222.2 2 0
github.com/shyang107/paw/textHelpers.go:226.63,229.2 2 0
github.com/shyang107/paw/textHelpers.go:233.52,236.2 2 0
github.com/shyang107/paw/textHelpers.go:240.66,243.2 2 0
github.com/shyang107/paw/textHelpers.go:247.62,250.2 2 0
github.com/shyang107/paw/textHelpers.go:253.61,255.14 2 0
github.com/shyang107/paw/textHelpers.go:259.2,260.16 2 0
github.com/shyang107/paw/textHelpers.go:255.14,258.3 2 0
github.com/shyang107/paw/textHelpers.go:264.61,266.14 2 0
github.com/shyang107/paw/textHelpers.go:270.2,271.16 2 0
github.com/shyang107/paw/textHelpers.go:266.14,269.3 2 0
github.com/shyang107/paw/textHelpers.go:275.62,277.14 2 0
github.com/shyang107/paw/textHelpers.go:281.2,282.16 2 0
github.com/shyang107/paw/textHelpers.go:277.14,280.3 2 0
github.com/shyang107/paw/textHelpers.go:286.62,288.14 2 0
github.com/shyang107/paw/textHelpers.go:292.2,293.16 2 0
github.com/shyang107/paw/textHelpers.go:288.14,291.3 2 0
github.com/shyang107/paw/textHelpers.go:297.70,299.2 1 0
github.com/shyang107/paw/textTools.go:18.48,20.2 1 0
github.com/shyang107/paw/textTools.go:23.48,25.2 1 0
github.com/shyang107/paw/textTools.go:28.47,30.2 1 0
github.com/shyang107/paw/textTools.go:33.36,35.2 1 0
github.com/shyang107/paw/textTools.go:42.51,44.2 1 0
github.com/shyang107/paw/textTools.go:53.40,55.2 1 0
github.com/shyang107/paw/textTools.go:62.55,64.2 1 0
github.com/shyang107/paw/textTools.go:74.42,76.2 1 0
github.com/shyang107/paw/textTools.go:85.41,87.2 1 0
github.com/shyang107/paw/textTools.go:94.56,96.2 1 0
github.com/shyang107/paw/textTools.go:103.33,105.2 1 0
github.com/shyang107/paw/textTools.go:115.42,117.2 1 0
github.com/shyang107/paw/textTools.go:126.31,128.2 1 0
github.com/shyang107/paw/textTools.go:141.31,143.2 1 0
github.com/shyang107/paw/textTools.go:150.31,152.2 1 0
github.com/shyang107/paw/textTools.go:167.29,169.2 1 0
github.com/shyang107/paw/textTools.go:186.52,188.2 1 0
github.com/shyang107/paw/textTools.go:197.41,199.2 1 0
github.com/shyang107/paw/textTools.go:209.48,211.2 1 0
github.com/shyang107/paw/textTools.go:218.44,220.2 1 0
github.com/shyang107/paw/textTools.go:226.70,229.22 3 0
github.com/shyang107/paw/textTools.go:232.2,232.25 1 0
github.com/shyang107/paw/textTools.go:235.2,238.25 4 0
github.com/shyang107/paw/textTools.go:251.2,253.15 3 0
github.com/shyang107/paw/textTools.go:258.2,259.12 2 0
github.com/shyang107/paw/textTools.go:229.22,231.3 1 0
github.com/shyang107/paw/textTools.go:232.25,234.3 1 0
github.com/shyang107/paw/textTools.go:238.25,240.14 2 0
github.com/shyang107/paw/textTools.go:245.3,245.17 1 0
github.com/shyang107/paw/textTools.go:240.14,242.4 1 0
github.com/shyang107/paw/textTools.go:242.9,244.4 1 0
github.com/shyang107/paw/textTools.go:245.17,247.4 1 0
github.com/shyang107/paw/textTools.go:247.9,248.9 1 0
github.com/shyang107/paw/textTools.go:253.15,254.32 1 0
github.com/shyang107/paw/textTools.go:254.32,256.4 1 0
github.com/shyang107/paw/textTools.go:266.58,268.25 2 0
github.com/shyang107/paw/textTools.go:276.2,276.21 1 0
github.com/shyang107/paw/textTools.go:268.25,270.14 2 0
github.com/shyang107/paw/textTools.go:270.14,272.4 1 0
github.com/shyang107/paw/textTools.go:272.9,274.4 1 0
github.com/shyang107/paw/textTools.go:284.38,285.24 1 0
github.com/shyang107/paw/textTools.go:290.2,290.14 1 0
github.com/shyang107/paw/textTools.go:285.24,286.44 1 0
github.com/shyang107/paw/textTools.go:286.44,288.4 1 0
github.com/shyang107/paw/textTools.go:297.35,300.27 3 0
github.com/shyang107/paw/textTools.go:304.2,304.20 1 0
github.com/shyang107/paw/textTools.go:300.27,303.3 2 0
github.com/shyang107/paw/textTools.go:308.31,310.51 2 0
github.com/shyang107/paw/textTools.go:313.2,313.19 1 0
github.com/shyang107/paw/textTools.go:310.51,312.3 1 0
github.com/shyang107/paw/textTools.go:317.42,320.14 3 0
github.com/shyang107/paw/textTools.go:323.2,323.15 1 0
github.com/shyang107/paw/textTools.go:320.14,322.3 1 0
github.com/shyang107/paw/textTools.go:327.48,331.2 3 0
github.com/shyang107/paw/textTools.go:334.42,337.14 3 0
github.com/shyang107/paw/textTools.go:340.2,340.15 1 0
github.com/shyang107/paw/textTools.go:337.14,339.3 1 0
github.com/shyang107/paw/textTools.go:344.48,348.2 3 0
github.com/shyang107/paw/textTools.go:351.43,354.14 3 0
github.com/shyang107/paw/textTools.go:357.2,357.15 1 0
github.com/shyang107/paw/textTools.go:354.14,356.3 1 0
github.com/shyang107/paw/textTools.go:361.49,365.2 3 0
github.com/shyang107/paw/textTools.go:368.43,371.14 3 0
github.com/shyang107/paw/textTools.go:374.2,374.15 1 0
github.com/shyang107/paw/textTools.go:371.14,373.3 1 0
github.com/shyang107/paw/textTools.go:378.49,382.2 3 0
github.com/shyang107/paw/textTools.go:385.55,386.16 1 0
github.com/shyang107/paw/textTools.go:389.2,390.12 2 0
github.com/shyang107/paw/textTools.go:393.2,393.14 1 0
github.com/shyang107/paw/textTools.go:386.16,388.3 1 0
github.com/shyang107/paw/textTools.go:390.12,392.3 1 0
